<?xml version="1.0" encoding="UTF-8"?>
<!-- Generated by org.testng.reporters.JUnitReportReporter -->
<testsuite skipped="0" hostname="DUC-r6GqKXd6EWT" name="com.dedalus.jacoco.app.AppLoginTest" tests="2" failures="0" timestamp="28 Dec 2022 05:51:28 GMT" time="0.023" errors="0">
  <testcase name="login_test1" time="0.023" classname="com.dedalus.jacoco.app.AppLoginTest"/>
  <testcase name="login_test2" time="0.000" classname="com.dedalus.jacoco.app.AppLoginTest"/>
</testsuite> <!-- com.dedalus.jacoco.app.AppLoginTest -->
